# JRE version: OpenJDK Runtime Environment (21.0.7) (build 21.0.7+-13880790-b1038.58)
# Java VM: OpenJDK 64-Bit Server VM (21.0.7+-13880790-b1038.58, mixed mode, tiered, compressed oops, compressed class ptrs, g1 gc, windows-amd64)
GC Precious Log:
 CardTable entry size: 512
 Card Set container configuration: InlinePtr #cards 5 size 8 Array Of Cards #cards 12 size 40 Howl #buckets 4 coarsen threshold 1843 Howl Bitmap #cards 512 size 80 coarsen threshold 460 Card regions per heap region 1 cards per card region 2048
 CPUs: 8 total, 8 available
 Memory: 16075M
 Large Page Support: Disabled
 NUMA Support: Disabled
 Compressed Oops: Enabled (32-bit)
 Heap Region Size: 1M
 Heap Min Capacity: 8M
 Heap Initial Capacity: 252M
 Heap Max Capacity: 2G
 Pre-touch: Disabled
 Parallel Workers: 8
 Concurrent Workers: 2
 Concurrent Refinement Workers: 8
 Periodic GC: Disabled
Heap:
 garbage-first heap   total 286720K, used 249856K [0x0000000080000000, 0x0000000100000000)
  region size 1024K, 82 young (83968K), 4 survivors (4096K)
 Metaspace       used 149372K, committed 151808K, reserved 1179648K
  class space    used 20413K, committed 21632K, reserved 1048576K
GC Heap History (20 events):
Event: 23.743 GC heap before
{Heap before GC invocations=53 (full 0):
 garbage-first heap   total 224256K, used 202255K [0x0000000080000000, 0x0000000100000000)
  region size 1024K, 79 young (80896K), 5 survivors (5120K)
 Metaspace       used 124422K, committed 126720K, reserved 1179648K
  class space    used 16982K, committed 18112K, reserved 1048576K
}
Event: 23.750 GC heap after
{Heap after GC invocations=54 (full 0):
 garbage-first heap   total 224256K, used 130700K [0x0000000080000000, 0x0000000100000000)
  region size 1024K, 8 young (8192K), 8 survivors (8192K)
 Metaspace       used 124422K, committed 126720K, reserved 1179648K
  class space    used 16982K, committed 18112K, reserved 1048576K
}
Event: 24.458 GC heap before
{Heap before GC invocations=54 (full 0):
 garbage-first heap   total 224256K, used 202380K [0x0000000080000000, 0x0000000100000000)
  region size 1024K, 79 young (80896K), 8 survivors (8192K)
 Metaspace       used 126010K, committed 128320K, reserved 1179648K
  class space    used 17198K, committed 18368K, reserved 1048576K
}
Event: 24.466 GC heap after
{Heap after GC invocations=55 (full 0):
 garbage-first heap   total 224256K, used 132015K [0x0000000080000000, 0x0000000100000000)
  region size 1024K, 7 young (7168K), 7 survivors (7168K)
 Metaspace       used 126010K, committed 128320K, reserved 1179648K
  class space    used 17198K, committed 18368K, reserved 1048576K
}
Event: 24.790 GC heap before
{Heap before GC invocations=55 (full 0):
 garbage-first heap   total 224256K, used 203695K [0x0000000080000000, 0x0000000100000000)
  region size 1024K, 78 young (79872K), 7 survivors (7168K)
 Metaspace       used 126774K, committed 129024K, reserved 1179648K
  class space    used 17293K, committed 18432K, reserved 1048576K
}
Event: 24.796 GC heap after
{Heap after GC invocations=56 (full 0):
 garbage-first heap   total 224256K, used 134806K [0x0000000080000000, 0x0000000100000000)
  region size 1024K, 5 young (5120K), 5 survivors (5120K)
 Metaspace       used 126774K, committed 129024K, reserved 1179648K
  class space    used 17293K, committed 18432K, reserved 1048576K
}
Event: 26.648 GC heap before
{Heap before GC invocations=57 (full 0):
 garbage-first heap   total 225280K, used 205462K [0x0000000080000000, 0x0000000100000000)
  region size 1024K, 75 young (76800K), 5 survivors (5120K)
 Metaspace       used 127410K, committed 129664K, reserved 1179648K
  class space    used 17366K, committed 18496K, reserved 1048576K
}
Event: 26.654 GC heap after
{Heap after GC invocations=58 (full 0):
 garbage-first heap   total 225280K, used 137385K [0x0000000080000000, 0x0000000100000000)
  region size 1024K, 8 young (8192K), 8 survivors (8192K)
 Metaspace       used 127410K, committed 129664K, reserved 1179648K
  class space    used 17366K, committed 18496K, reserved 1048576K
}
Event: 27.189 GC heap before
{Heap before GC invocations=58 (full 0):
 garbage-first heap   total 225280K, used 203945K [0x0000000080000000, 0x0000000100000000)
  region size 1024K, 74 young (75776K), 8 survivors (8192K)
 Metaspace       used 128051K, committed 130304K, reserved 1179648K
  class space    used 17436K, committed 18560K, reserved 1048576K
}
Event: 27.197 GC heap after
{Heap after GC invocations=59 (full 0):
 garbage-first heap   total 225280K, used 138620K [0x0000000080000000, 0x0000000100000000)
  region size 1024K, 9 young (9216K), 9 survivors (9216K)
 Metaspace       used 128051K, committed 130304K, reserved 1179648K
  class space    used 17436K, committed 18560K, reserved 1048576K
}
Event: 27.719 GC heap before
{Heap before GC invocations=59 (full 0):
 garbage-first heap   total 225280K, used 170364K [0x0000000080000000, 0x0000000100000000)
  region size 1024K, 42 young (43008K), 9 survivors (9216K)
 Metaspace       used 129939K, committed 132224K, reserved 1179648K
  class space    used 17698K, committed 18816K, reserved 1048576K
}
Event: 27.731 GC heap after
{Heap after GC invocations=60 (full 0):
 garbage-first heap   total 225280K, used 140567K [0x0000000080000000, 0x0000000100000000)
  region size 1024K, 5 young (5120K), 5 survivors (5120K)
 Metaspace       used 129939K, committed 132224K, reserved 1179648K
  class space    used 17698K, committed 18816K, reserved 1048576K
}
Event: 29.821 GC heap before
{Heap before GC invocations=61 (full 0):
 garbage-first heap   total 239616K, used 211223K [0x0000000080000000, 0x0000000100000000)
  region size 1024K, 69 young (70656K), 5 survivors (5120K)
 Metaspace       used 136024K, committed 138304K, reserved 1179648K
  class space    used 18456K, committed 19584K, reserved 1048576K
}
Event: 29.832 GC heap after
{Heap after GC invocations=62 (full 0):
 garbage-first heap   total 239616K, used 157632K [0x0000000080000000, 0x0000000100000000)
  region size 1024K, 9 young (9216K), 9 survivors (9216K)
 Metaspace       used 136024K, committed 138304K, reserved 1179648K
  class space    used 18456K, committed 19584K, reserved 1048576K
}
Event: 30.845 GC heap before
{Heap before GC invocations=62 (full 0):
 garbage-first heap   total 239616K, used 216000K [0x0000000080000000, 0x0000000100000000)
  region size 1024K, 66 young (67584K), 9 survivors (9216K)
 Metaspace       used 138298K, committed 140736K, reserved 1179648K
  class space    used 18677K, committed 19904K, reserved 1048576K
}
Event: 30.858 GC heap after
{Heap after GC invocations=63 (full 0):
 garbage-first heap   total 239616K, used 161936K [0x0000000080000000, 0x0000000100000000)
  region size 1024K, 9 young (9216K), 9 survivors (9216K)
 Metaspace       used 138298K, committed 140736K, reserved 1179648K
  class space    used 18677K, committed 19904K, reserved 1048576K
}
Event: 31.538 GC heap before
{Heap before GC invocations=63 (full 0):
 garbage-first heap   total 239616K, used 210064K [0x0000000080000000, 0x0000000100000000)
  region size 1024K, 58 young (59392K), 9 survivors (9216K)
 Metaspace       used 138596K, committed 140992K, reserved 1179648K
  class space    used 18710K, committed 19904K, reserved 1048576K
}
Event: 31.549 GC heap after
{Heap after GC invocations=64 (full 0):
 garbage-first heap   total 239616K, used 169984K [0x0000000080000000, 0x0000000100000000)
  region size 1024K, 8 young (8192K), 8 survivors (8192K)
 Metaspace       used 138596K, committed 140992K, reserved 1179648K
  class space    used 18710K, committed 19904K, reserved 1048576K
}
Event: 32.563 GC heap before
{Heap before GC invocations=65 (full 0):
 garbage-first heap   total 286720K, used 218112K [0x0000000080000000, 0x0000000100000000)
  region size 1024K, 54 young (55296K), 8 survivors (8192K)
 Metaspace       used 142085K, committed 144512K, reserved 1179648K
  class space    used 19235K, committed 20480K, reserved 1048576K
}
Event: 32.568 GC heap after
{Heap after GC invocations=66 (full 0):
 garbage-first heap   total 286720K, used 172032K [0x0000000080000000, 0x0000000100000000)
  region size 1024K, 4 young (4096K), 4 survivors (4096K)
 Metaspace       used 142085K, committed 144512K, reserved 1179648K
  class space    used 19235K, committed 20480K, reserved 1048576K
}

