# JRE version: OpenJDK Runtime Environment (21.0.7) (build 21.0.7+-13880790-b1038.58)
# Java VM: OpenJDK 64-Bit Server VM (21.0.7+-13880790-b1038.58, mixed mode, tiered, compressed oops, compressed class ptrs, g1 gc, windows-amd64)
GC Precious Log:
 CardTable entry size: 512
 Card Set container configuration: InlinePtr #cards 5 size 8 Array Of Cards #cards 12 size 40 Howl #buckets 4 coarsen threshold 1843 Howl Bitmap #cards 512 size 80 coarsen threshold 460 Card regions per heap region 1 cards per card region 2048
 CPUs: 8 total, 8 available
 Memory: 16075M
 Large Page Support: Disabled
 NUMA Support: Disabled
 Compressed Oops: Enabled (32-bit)
 Heap Region Size: 1M
 Heap Min Capacity: 8M
 Heap Initial Capacity: 252M
 Heap Max Capacity: 2G
 Pre-touch: Disabled
 Parallel Workers: 8
 Concurrent Workers: 2
 Concurrent Refinement Workers: 8
 Periodic GC: Disabled
Heap:
 garbage-first heap   total 88064K, used 42932K [0x0000000080000000, 0x0000000100000000)
  region size 1024K, 5 young (5120K), 4 survivors (4096K)
 Metaspace       used 60302K, committed 61824K, reserved 1114112K
  class space    used 8231K, committed 8960K, reserved 1048576K
GC Heap History (20 events):
Event: 4.200 GC heap before
{Heap before GC invocations=6 (full 0):
 garbage-first heap   total 71680K, used 55647K [0x0000000080000000, 0x0000000100000000)
  region size 1024K, 38 young (38912K), 4 survivors (4096K)
 Metaspace       used 31607K, committed 32256K, reserved 1114112K
  class space    used 4177K, committed 4480K, reserved 1048576K
}
Event: 4.204 GC heap after
{Heap after GC invocations=7 (full 0):
 garbage-first heap   total 71680K, used 24222K [0x0000000080000000, 0x0000000100000000)
  region size 1024K, 5 young (5120K), 5 survivors (5120K)
 Metaspace       used 31607K, committed 32256K, reserved 1114112K
  class space    used 4177K, committed 4480K, reserved 1048576K
}
Event: 4.653 GC heap before
{Heap before GC invocations=7 (full 0):
 garbage-first heap   total 71680K, used 47774K [0x0000000080000000, 0x0000000100000000)
  region size 1024K, 30 young (30720K), 5 survivors (5120K)
 Metaspace       used 35180K, committed 35968K, reserved 1114112K
  class space    used 4771K, committed 5120K, reserved 1048576K
}
Event: 4.657 GC heap after
{Heap after GC invocations=8 (full 0):
 garbage-first heap   total 71680K, used 25839K [0x0000000080000000, 0x0000000100000000)
  region size 1024K, 4 young (4096K), 4 survivors (4096K)
 Metaspace       used 35180K, committed 35968K, reserved 1114112K
  class space    used 4771K, committed 5120K, reserved 1048576K
}
Event: 5.335 GC heap before
{Heap before GC invocations=9 (full 0):
 garbage-first heap   total 71680K, used 59631K [0x0000000080000000, 0x0000000100000000)
  region size 1024K, 37 young (37888K), 4 survivors (4096K)
 Metaspace       used 42078K, committed 42944K, reserved 1114112K
  class space    used 5683K, committed 6080K, reserved 1048576K
}
Event: 5.340 GC heap after
{Heap after GC invocations=10 (full 0):
 garbage-first heap   total 71680K, used 29356K [0x0000000080000000, 0x0000000100000000)
  region size 1024K, 5 young (5120K), 5 survivors (5120K)
 Metaspace       used 42078K, committed 42944K, reserved 1114112K
  class space    used 5683K, committed 6080K, reserved 1048576K
}
Event: 5.608 GC heap before
{Heap before GC invocations=10 (full 0):
 garbage-first heap   total 71680K, used 61100K [0x0000000080000000, 0x0000000100000000)
  region size 1024K, 37 young (37888K), 5 survivors (5120K)
 Metaspace       used 44224K, committed 45184K, reserved 1114112K
  class space    used 5932K, committed 6400K, reserved 1048576K
}
Event: 5.614 GC heap after
{Heap after GC invocations=11 (full 0):
 garbage-first heap   total 71680K, used 32064K [0x0000000080000000, 0x0000000100000000)
  region size 1024K, 4 young (4096K), 4 survivors (4096K)
 Metaspace       used 44224K, committed 45184K, reserved 1114112K
  class space    used 5932K, committed 6400K, reserved 1048576K
}
Event: 5.717 GC heap before
{Heap before GC invocations=11 (full 0):
 garbage-first heap   total 71680K, used 41280K [0x0000000080000000, 0x0000000100000000)
  region size 1024K, 11 young (11264K), 4 survivors (4096K)
 Metaspace       used 44869K, committed 45888K, reserved 1114112K
  class space    used 6021K, committed 6464K, reserved 1048576K
}
Event: 5.719 GC heap after
{Heap after GC invocations=12 (full 0):
 garbage-first heap   total 71680K, used 34041K [0x0000000080000000, 0x0000000100000000)
  region size 1024K, 1 young (1024K), 1 survivors (1024K)
 Metaspace       used 44869K, committed 45888K, reserved 1114112K
  class space    used 6021K, committed 6464K, reserved 1048576K
}
Event: 6.392 GC heap before
{Heap before GC invocations=13 (full 0):
 garbage-first heap   total 71680K, used 65785K [0x0000000080000000, 0x0000000100000000)
  region size 1024K, 30 young (30720K), 1 survivors (1024K)
 Metaspace       used 49148K, committed 50240K, reserved 1114112K
  class space    used 6585K, committed 7104K, reserved 1048576K
}
Event: 6.396 GC heap after
{Heap after GC invocations=14 (full 0):
 garbage-first heap   total 71680K, used 34209K [0x0000000080000000, 0x0000000100000000)
  region size 1024K, 3 young (3072K), 3 survivors (3072K)
 Metaspace       used 49148K, committed 50240K, reserved 1114112K
  class space    used 6585K, committed 7104K, reserved 1048576K
}
Event: 7.089 GC heap before
{Heap before GC invocations=14 (full 0):
 garbage-first heap   total 71680K, used 63905K [0x0000000080000000, 0x0000000100000000)
  region size 1024K, 32 young (32768K), 3 survivors (3072K)
 Metaspace       used 52922K, committed 54400K, reserved 1114112K
  class space    used 7202K, committed 7936K, reserved 1048576K
}
Event: 7.093 GC heap after
{Heap after GC invocations=15 (full 0):
 garbage-first heap   total 71680K, used 35655K [0x0000000080000000, 0x0000000100000000)
  region size 1024K, 2 young (2048K), 2 survivors (2048K)
 Metaspace       used 52922K, committed 54400K, reserved 1114112K
  class space    used 7202K, committed 7936K, reserved 1048576K
}
Event: 7.754 GC heap before
{Heap before GC invocations=15 (full 0):
 garbage-first heap   total 71680K, used 62279K [0x0000000080000000, 0x0000000100000000)
  region size 1024K, 29 young (29696K), 2 survivors (2048K)
 Metaspace       used 55773K, committed 57216K, reserved 1114112K
  class space    used 7669K, committed 8384K, reserved 1048576K
}
Event: 7.758 GC heap after
{Heap after GC invocations=16 (full 0):
 garbage-first heap   total 71680K, used 39373K [0x0000000080000000, 0x0000000100000000)
  region size 1024K, 4 young (4096K), 4 survivors (4096K)
 Metaspace       used 55773K, committed 57216K, reserved 1114112K
  class space    used 7669K, committed 8384K, reserved 1048576K
}
Event: 8.337 GC heap before
{Heap before GC invocations=17 (full 0):
 garbage-first heap   total 71680K, used 64973K [0x0000000080000000, 0x0000000100000000)
  region size 1024K, 27 young (27648K), 4 survivors (4096K)
 Metaspace       used 57735K, committed 59264K, reserved 1114112K
  class space    used 7851K, committed 8576K, reserved 1048576K
}
Event: 8.341 GC heap after
{Heap after GC invocations=18 (full 0):
 garbage-first heap   total 88064K, used 41416K [0x0000000080000000, 0x0000000100000000)
  region size 1024K, 2 young (2048K), 2 survivors (2048K)
 Metaspace       used 57735K, committed 59264K, reserved 1114112K
  class space    used 7851K, committed 8576K, reserved 1048576K
}
Event: 9.882 GC heap before
{Heap before GC invocations=18 (full 0):
 garbage-first heap   total 88064K, used 75208K [0x0000000080000000, 0x0000000100000000)
  region size 1024K, 35 young (35840K), 2 survivors (2048K)
 Metaspace       used 60188K, committed 61696K, reserved 1114112K
  class space    used 8215K, committed 8960K, reserved 1048576K
}
Event: 9.886 GC heap after
{Heap after GC invocations=19 (full 0):
 garbage-first heap   total 88064K, used 42932K [0x0000000080000000, 0x0000000100000000)
  region size 1024K, 4 young (4096K), 4 survivors (4096K)
 Metaspace       used 60188K, committed 61696K, reserved 1114112K
  class space    used 8215K, committed 8960K, reserved 1048576K
}

